The system is: Linux - 5.9.11-200.fc33.x86_64 - x86_64
Compiling the C compiler identification source file "CMakeCCompilerId.c" succeeded.
Compiler: /usr/bin/cc 
Build flags: 
Id flags:  

The output was:
0


Compilation of the C compiler identification source "CMakeCCompilerId.c" produced "a.out"

The C compiler identification is GNU, found in "/var/home/joe/src/compsci/C/tic-tac-toe/cmake-build-debug/CMakeFiles/3.17.3/CompilerIdC/a.out"

Determining if the C compiler works passed with the following output:
Change Dir: /var/home/joe/src/compsci/C/tic-tac-toe/cmake-build-debug/CMakeFiles/CMakeTmp

Run Build Command(s):/usr/bin/make cmTC_43b83/fast && /usr/bin/make  -f CMakeFiles/cmTC_43b83.dir/build.make CMakeFiles/cmTC_43b83.dir/build
make[1]: Entering directory '/var/home/joe/src/compsci/C/tic-tac-toe/cmake-build-debug/CMakeFiles/CMakeTmp'
Building C object CMakeFiles/cmTC_43b83.dir/testCCompiler.c.o
/usr/bin/cc    -o CMakeFiles/cmTC_43b83.dir/testCCompiler.c.o   -c /var/home/joe/src/compsci/C/tic-tac-toe/cmake-build-debug/CMakeFiles/CMakeTmp/testCCompiler.c
Linking C executable cmTC_43b83
/app/extra/clion/bin/cmake/linux/bin/cmake -E cmake_link_script CMakeFiles/cmTC_43b83.dir/link.txt --verbose=1
/usr/bin/cc      CMakeFiles/cmTC_43b83.dir/testCCompiler.c.o  -o cmTC_43b83 
make[1]: Leaving directory '/var/home/joe/src/compsci/C/tic-tac-toe/cmake-build-debug/CMakeFiles/CMakeTmp'



Detecting C compiler ABI info compiled with the following output:
Change Dir: /var/home/joe/src/compsci/C/tic-tac-toe/cmake-build-debug/CMakeFiles/CMakeTmp

Run Build Command(s):/usr/bin/make cmTC_91196/fast && /usr/bin/make  -f CMakeFiles/cmTC_91196.dir/build.make CMakeFiles/cmTC_91196.dir/build
make[1]: Entering directory '/var/home/joe/src/compsci/C/tic-tac-toe/cmake-build-debug/CMakeFiles/CMakeTmp'
Building C object CMakeFiles/cmTC_91196.dir/CMakeCCompilerABI.c.o
/usr/bin/cc   -v -o CMakeFiles/cmTC_91196.dir/CMakeCCompilerABI.c.o   -c /app/extra/clion/bin/cmake/linux/share/cmake-3.17/Modules/CMakeCCompilerABI.c
Using built-in specs.
COLLECT_GCC=/usr/bin/cc
Target: x86_64-unknown-linux-gnu
Configured with: ../configure --prefix=/usr --exec-prefix=/usr --bindir=/usr/bin --sbindir=/usr/bin --sysconfdir=/etc --datadir=/usr/share --includedir=/usr/include --libdir=/usr/lib --libexecdir=/usr/libexec --localstatedir=/var --sharedstatedir=/usr/com --mandir=/usr/share/man --infodir=/usr/share/info --enable-deterministic-archives --enable-shared --build=x86_64-unknown-linux-gnu --host=x86_64-unknown-linux-gnu lt_cv_sys_lib_dlsearch_path_spec=/usr/lib/x86_64-linux-gnu --target=x86_64-unknown-linux-gnu --disable-multilib --enable-multiarch --disable-bootstrap --with-build-sysroot=/cross-installation --enable-languages=c,c++,fortran,objc,obj-c++ --enable-default-pie --enable-default-ssp --with-isl --disable-libssp --enable-linker-build-id --disable-libstdcxx-filesystem-ts --enable-cet host_configargs=lt_cv_sys_lib_dlsearch_path_spec=/usr/lib/x86_64-linux-gnu target_configargs=lt_cv_sys_lib_dlsearch_path_spec=/usr/lib/x86_64-linux-gnu
Thread model: posix
Supported LTO compression algorithms: zlib
gcc version 10.2.0 (GCC) 
COLLECT_GCC_OPTIONS='-v' '-o' 'CMakeFiles/cmTC_91196.dir/CMakeCCompilerABI.c.o' '-c' '-mtune=generic' '-march=x86-64'
 /usr/libexec/gcc/x86_64-unknown-linux-gnu/10.2.0/cc1 -quiet -v -imultiarch x86_64-linux-gnu /app/extra/clion/bin/cmake/linux/share/cmake-3.17/Modules/CMakeCCompilerABI.c -quiet -dumpbase CMakeCCompilerABI.c -mtune=generic -march=x86-64 -auxbase-strip CMakeFiles/cmTC_91196.dir/CMakeCCompilerABI.c.o -version -o /tmp/ccrktEA7.s
GNU C17 (GCC) version 10.2.0 (x86_64-unknown-linux-gnu)
	compiled by GNU C version 10.2.0, GMP version 6.2.0, MPFR version 4.1.0, MPC version 1.1.0, isl version isl-0.22.1-GMP

GGC heuristics: --param ggc-min-expand=100 --param ggc-min-heapsize=131072
ignoring nonexistent directory "/usr/local/include/x86_64-linux-gnu"
ignoring nonexistent directory "/usr/local/include"
ignoring nonexistent directory "/usr/lib/gcc/x86_64-unknown-linux-gnu/10.2.0/../../../../x86_64-unknown-linux-gnu/include"
#include "..." search starts here:
#include <...> search starts here:
 /usr/lib/gcc/x86_64-unknown-linux-gnu/10.2.0/include
 /usr/lib/gcc/x86_64-unknown-linux-gnu/10.2.0/include-fixed
 /usr/include/x86_64-linux-gnu
 /usr/include
End of search list.
GNU C17 (GCC) version 10.2.0 (x86_64-unknown-linux-gnu)
	compiled by GNU C version 10.2.0, GMP version 6.2.0, MPFR version 4.1.0, MPC version 1.1.0, isl version isl-0.22.1-GMP

GGC heuristics: --param ggc-min-expand=100 --param ggc-min-heapsize=131072
Compiler executable checksum: 490a160ffd54a5070f26a6a8aca3df2b
COLLECT_GCC_OPTIONS='-v' '-o' 'CMakeFiles/cmTC_91196.dir/CMakeCCompilerABI.c.o' '-c' '-mtune=generic' '-march=x86-64'
 /usr/lib/gcc/x86_64-unknown-linux-gnu/10.2.0/../../../../x86_64-unknown-linux-gnu/bin/as -v --64 -o CMakeFiles/cmTC_91196.dir/CMakeCCompilerABI.c.o /tmp/ccrktEA7.s
GNU assembler version 2.35.1 (x86_64-unknown-linux-gnu) using BFD version (GNU Binutils) 2.35.1
COMPILER_PATH=/usr/libexec/gcc/x86_64-unknown-linux-gnu/10.2.0/:/usr/libexec/gcc/x86_64-unknown-linux-gnu/10.2.0/:/usr/libexec/gcc/x86_64-unknown-linux-gnu/:/usr/lib/gcc/x86_64-unknown-linux-gnu/10.2.0/:/usr/lib/gcc/x86_64-unknown-linux-gnu/:/usr/lib/gcc/x86_64-unknown-linux-gnu/10.2.0/../../../../x86_64-unknown-linux-gnu/bin/
LIBRARY_PATH=/usr/lib/gcc/x86_64-unknown-linux-gnu/10.2.0/:/usr/lib/gcc/x86_64-unknown-linux-gnu/10.2.0/../../../x86_64-linux-gnu/:/usr/lib/gcc/x86_64-unknown-linux-gnu/10.2.0/../../../../lib64/:/lib/x86_64-linux-gnu/:/lib/../lib64/:/usr/lib/x86_64-linux-gnu/:/usr/lib/../lib64/:/usr/lib/gcc/x86_64-unknown-linux-gnu/10.2.0/../../../../x86_64-unknown-linux-gnu/lib/:/usr/lib/gcc/x86_64-unknown-linux-gnu/10.2.0/../../../:/lib/:/usr/lib/
COLLECT_GCC_OPTIONS='-v' '-o' 'CMakeFiles/cmTC_91196.dir/CMakeCCompilerABI.c.o' '-c' '-mtune=generic' '-march=x86-64'
Linking C executable cmTC_91196
/app/extra/clion/bin/cmake/linux/bin/cmake -E cmake_link_script CMakeFiles/cmTC_91196.dir/link.txt --verbose=1
/usr/bin/cc     -v CMakeFiles/cmTC_91196.dir/CMakeCCompilerABI.c.o  -o cmTC_91196 
Using built-in specs.
COLLECT_GCC=/usr/bin/cc
COLLECT_LTO_WRAPPER=/usr/libexec/gcc/x86_64-unknown-linux-gnu/10.2.0/lto-wrapper
Target: x86_64-unknown-linux-gnu
Configured with: ../configure --prefix=/usr --exec-prefix=/usr --bindir=/usr/bin --sbindir=/usr/bin --sysconfdir=/etc --datadir=/usr/share --includedir=/usr/include --libdir=/usr/lib --libexecdir=/usr/libexec --localstatedir=/var --sharedstatedir=/usr/com --mandir=/usr/share/man --infodir=/usr/share/info --enable-deterministic-archives --enable-shared --build=x86_64-unknown-linux-gnu --host=x86_64-unknown-linux-gnu lt_cv_sys_lib_dlsearch_path_spec=/usr/lib/x86_64-linux-gnu --target=x86_64-unknown-linux-gnu --disable-multilib --enable-multiarch --disable-bootstrap --with-build-sysroot=/cross-installation --enable-languages=c,c++,fortran,objc,obj-c++ --enable-default-pie --enable-default-ssp --with-isl --disable-libssp --enable-linker-build-id --disable-libstdcxx-filesystem-ts --enable-cet host_configargs=lt_cv_sys_lib_dlsearch_path_spec=/usr/lib/x86_64-linux-gnu target_configargs=lt_cv_sys_lib_dlsearch_path_spec=/usr/lib/x86_64-linux-gnu
Thread model: posix
Supported LTO compression algorithms: zlib
gcc version 10.2.0 (GCC) 
COMPILER_PATH=/usr/libexec/gcc/x86_64-unknown-linux-gnu/10.2.0/:/usr/libexec/gcc/x86_64-unknown-linux-gnu/10.2.0/:/usr/libexec/gcc/x86_64-unknown-linux-gnu/:/usr/lib/gcc/x86_64-unknown-linux-gnu/10.2.0/:/usr/lib/gcc/x86_64-unknown-linux-gnu/:/usr/lib/gcc/x86_64-unknown-linux-gnu/10.2.0/../../../../x86_64-unknown-linux-gnu/bin/
LIBRARY_PATH=/usr/lib/gcc/x86_64-unknown-linux-gnu/10.2.0/:/usr/lib/gcc/x86_64-unknown-linux-gnu/10.2.0/../../../x86_64-linux-gnu/:/usr/lib/gcc/x86_64-unknown-linux-gnu/10.2.0/../../../../lib64/:/lib/x86_64-linux-gnu/:/lib/../lib64/:/usr/lib/x86_64-linux-gnu/:/usr/lib/../lib64/:/usr/lib/gcc/x86_64-unknown-linux-gnu/10.2.0/../../../../x86_64-unknown-linux-gnu/lib/:/usr/lib/gcc/x86_64-unknown-linux-gnu/10.2.0/../../../:/lib/:/usr/lib/
COLLECT_GCC_OPTIONS='-v' '-o' 'cmTC_91196' '-mtune=generic' '-march=x86-64'
 /usr/libexec/gcc/x86_64-unknown-linux-gnu/10.2.0/collect2 -plugin /usr/libexec/gcc/x86_64-unknown-linux-gnu/10.2.0/liblto_plugin.so -plugin-opt=/usr/libexec/gcc/x86_64-unknown-linux-gnu/10.2.0/lto-wrapper -plugin-opt=-fresolution=/tmp/cccIlbqt.res -plugin-opt=-pass-through=-lgcc -plugin-opt=-pass-through=-lgcc_s -plugin-opt=-pass-through=-lc -plugin-opt=-pass-through=-lgcc -plugin-opt=-pass-through=-lgcc_s --build-id --eh-frame-hdr -m elf_x86_64 -dynamic-linker /lib64/ld-linux-x86-64.so.2 -pie -o cmTC_91196 /usr/lib/gcc/x86_64-unknown-linux-gnu/10.2.0/../../../x86_64-linux-gnu/Scrt1.o /usr/lib/gcc/x86_64-unknown-linux-gnu/10.2.0/../../../x86_64-linux-gnu/crti.o /usr/lib/gcc/x86_64-unknown-linux-gnu/10.2.0/crtbeginS.o -L/usr/lib/gcc/x86_64-unknown-linux-gnu/10.2.0 -L/usr/lib/gcc/x86_64-unknown-linux-gnu/10.2.0/../../../x86_64-linux-gnu -L/usr/lib/gcc/x86_64-unknown-linux-gnu/10.2.0/../../../../lib64 -L/lib/x86_64-linux-gnu -L/lib/../lib64 -L/usr/lib/x86_64-linux-gnu -L/usr/lib/../lib64 -L/usr/lib/gcc/x86_64-unknown-linux-gnu/10.2.0/../../../../x86_64-unknown-linux-gnu/lib -L/usr/lib/gcc/x86_64-unknown-linux-gnu/10.2.0/../../.. CMakeFiles/cmTC_91196.dir/CMakeCCompilerABI.c.o -lgcc --push-state --as-needed -lgcc_s --pop-state -lc -lgcc --push-state --as-needed -lgcc_s --pop-state /usr/lib/gcc/x86_64-unknown-linux-gnu/10.2.0/crtendS.o /usr/lib/gcc/x86_64-unknown-linux-gnu/10.2.0/../../../x86_64-linux-gnu/crtn.o
COLLECT_GCC_OPTIONS='-v' '-o' 'cmTC_91196' '-mtune=generic' '-march=x86-64'
make[1]: Leaving directory '/var/home/joe/src/compsci/C/tic-tac-toe/cmake-build-debug/CMakeFiles/CMakeTmp'



Parsed C implicit include dir info from above output: rv=done
  found start of include info
  found start of implicit include info
    add: [/usr/lib/gcc/x86_64-unknown-linux-gnu/10.2.0/include]
    add: [/usr/lib/gcc/x86_64-unknown-linux-gnu/10.2.0/include-fixed]
    add: [/usr/include/x86_64-linux-gnu]
    add: [/usr/include]
  end of search list found
  collapse include dir [/usr/lib/gcc/x86_64-unknown-linux-gnu/10.2.0/include] ==> [/usr/lib/gcc/x86_64-unknown-linux-gnu/10.2.0/include]
  collapse include dir [/usr/lib/gcc/x86_64-unknown-linux-gnu/10.2.0/include-fixed] ==> [/usr/lib/gcc/x86_64-unknown-linux-gnu/10.2.0/include-fixed]
  collapse include dir [/usr/include/x86_64-linux-gnu] ==> [/usr/include/x86_64-linux-gnu]
  collapse include dir [/usr/include] ==> [/usr/include]
  implicit include dirs: [/usr/lib/gcc/x86_64-unknown-linux-gnu/10.2.0/include;/usr/lib/gcc/x86_64-unknown-linux-gnu/10.2.0/include-fixed;/usr/include/x86_64-linux-gnu;/usr/include]


Parsed C implicit link information from above output:
  link line regex: [^( *|.*[/\])(ld|CMAKE_LINK_STARTFILE-NOTFOUND|([^/\]+-)?ld|collect2)[^/\]*( |$)]
  ignore line: [Change Dir: /var/home/joe/src/compsci/C/tic-tac-toe/cmake-build-debug/CMakeFiles/CMakeTmp]
  ignore line: []
  ignore line: [Run Build Command(s):/usr/bin/make cmTC_91196/fast && /usr/bin/make  -f CMakeFiles/cmTC_91196.dir/build.make CMakeFiles/cmTC_91196.dir/build]
  ignore line: [make[1]: Entering directory '/var/home/joe/src/compsci/C/tic-tac-toe/cmake-build-debug/CMakeFiles/CMakeTmp']
  ignore line: [Building C object CMakeFiles/cmTC_91196.dir/CMakeCCompilerABI.c.o]
  ignore line: [/usr/bin/cc   -v -o CMakeFiles/cmTC_91196.dir/CMakeCCompilerABI.c.o   -c /app/extra/clion/bin/cmake/linux/share/cmake-3.17/Modules/CMakeCCompilerABI.c]
  ignore line: [Using built-in specs.]
  ignore line: [COLLECT_GCC=/usr/bin/cc]
  ignore line: [Target: x86_64-unknown-linux-gnu]
  ignore line: [Configured with: ../configure --prefix=/usr --exec-prefix=/usr --bindir=/usr/bin --sbindir=/usr/bin --sysconfdir=/etc --datadir=/usr/share --includedir=/usr/include --libdir=/usr/lib --libexecdir=/usr/libexec --localstatedir=/var --sharedstatedir=/usr/com --mandir=/usr/share/man --infodir=/usr/share/info --enable-deterministic-archives --enable-shared --build=x86_64-unknown-linux-gnu --host=x86_64-unknown-linux-gnu lt_cv_sys_lib_dlsearch_path_spec=/usr/lib/x86_64-linux-gnu --target=x86_64-unknown-linux-gnu --disable-multilib --enable-multiarch --disable-bootstrap --with-build-sysroot=/cross-installation --enable-languages=c c++ fortran objc obj-c++ --enable-default-pie --enable-default-ssp --with-isl --disable-libssp --enable-linker-build-id --disable-libstdcxx-filesystem-ts --enable-cet host_configargs=lt_cv_sys_lib_dlsearch_path_spec=/usr/lib/x86_64-linux-gnu target_configargs=lt_cv_sys_lib_dlsearch_path_spec=/usr/lib/x86_64-linux-gnu]
  ignore line: [Thread model: posix]
  ignore line: [Supported LTO compression algorithms: zlib]
  ignore line: [gcc version 10.2.0 (GCC) ]
  ignore line: [COLLECT_GCC_OPTIONS='-v' '-o' 'CMakeFiles/cmTC_91196.dir/CMakeCCompilerABI.c.o' '-c' '-mtune=generic' '-march=x86-64']
  ignore line: [ /usr/libexec/gcc/x86_64-unknown-linux-gnu/10.2.0/cc1 -quiet -v -imultiarch x86_64-linux-gnu /app/extra/clion/bin/cmake/linux/share/cmake-3.17/Modules/CMakeCCompilerABI.c -quiet -dumpbase CMakeCCompilerABI.c -mtune=generic -march=x86-64 -auxbase-strip CMakeFiles/cmTC_91196.dir/CMakeCCompilerABI.c.o -version -o /tmp/ccrktEA7.s]
  ignore line: [GNU C17 (GCC) version 10.2.0 (x86_64-unknown-linux-gnu)]
  ignore line: [	compiled by GNU C version 10.2.0  GMP version 6.2.0  MPFR version 4.1.0  MPC version 1.1.0  isl version isl-0.22.1-GMP]
  ignore line: []
  ignore line: [GGC heuristics: --param ggc-min-expand=100 --param ggc-min-heapsize=131072]
  ignore line: [ignoring nonexistent directory "/usr/local/include/x86_64-linux-gnu"]
  ignore line: [ignoring nonexistent directory "/usr/local/include"]
  ignore line: [ignoring nonexistent directory "/usr/lib/gcc/x86_64-unknown-linux-gnu/10.2.0/../../../../x86_64-unknown-linux-gnu/include"]
  ignore line: [#include "..." search starts here:]
  ignore line: [#include <...> search starts here:]
  ignore line: [ /usr/lib/gcc/x86_64-unknown-linux-gnu/10.2.0/include]
  ignore line: [ /usr/lib/gcc/x86_64-unknown-linux-gnu/10.2.0/include-fixed]
  ignore line: [ /usr/include/x86_64-linux-gnu]
  ignore line: [ /usr/include]
  ignore line: [End of search list.]
  ignore line: [GNU C17 (GCC) version 10.2.0 (x86_64-unknown-linux-gnu)]
  ignore line: [	compiled by GNU C version 10.2.0  GMP version 6.2.0  MPFR version 4.1.0  MPC version 1.1.0  isl version isl-0.22.1-GMP]
  ignore line: []
  ignore line: [GGC heuristics: --param ggc-min-expand=100 --param ggc-min-heapsize=131072]
  ignore line: [Compiler executable checksum: 490a160ffd54a5070f26a6a8aca3df2b]
  ignore line: [COLLECT_GCC_OPTIONS='-v' '-o' 'CMakeFiles/cmTC_91196.dir/CMakeCCompilerABI.c.o' '-c' '-mtune=generic' '-march=x86-64']
  ignore line: [ /usr/lib/gcc/x86_64-unknown-linux-gnu/10.2.0/../../../../x86_64-unknown-linux-gnu/bin/as -v --64 -o CMakeFiles/cmTC_91196.dir/CMakeCCompilerABI.c.o /tmp/ccrktEA7.s]
  ignore line: [GNU assembler version 2.35.1 (x86_64-unknown-linux-gnu) using BFD version (GNU Binutils) 2.35.1]
  ignore line: [COMPILER_PATH=/usr/libexec/gcc/x86_64-unknown-linux-gnu/10.2.0/:/usr/libexec/gcc/x86_64-unknown-linux-gnu/10.2.0/:/usr/libexec/gcc/x86_64-unknown-linux-gnu/:/usr/lib/gcc/x86_64-unknown-linux-gnu/10.2.0/:/usr/lib/gcc/x86_64-unknown-linux-gnu/:/usr/lib/gcc/x86_64-unknown-linux-gnu/10.2.0/../../../../x86_64-unknown-linux-gnu/bin/]
  ignore line: [LIBRARY_PATH=/usr/lib/gcc/x86_64-unknown-linux-gnu/10.2.0/:/usr/lib/gcc/x86_64-unknown-linux-gnu/10.2.0/../../../x86_64-linux-gnu/:/usr/lib/gcc/x86_64-unknown-linux-gnu/10.2.0/../../../../lib64/:/lib/x86_64-linux-gnu/:/lib/../lib64/:/usr/lib/x86_64-linux-gnu/:/usr/lib/../lib64/:/usr/lib/gcc/x86_64-unknown-linux-gnu/10.2.0/../../../../x86_64-unknown-linux-gnu/lib/:/usr/lib/gcc/x86_64-unknown-linux-gnu/10.2.0/../../../:/lib/:/usr/lib/]
  ignore line: [COLLECT_GCC_OPTIONS='-v' '-o' 'CMakeFiles/cmTC_91196.dir/CMakeCCompilerABI.c.o' '-c' '-mtune=generic' '-march=x86-64']
  ignore line: [Linking C executable cmTC_91196]
  ignore line: [/app/extra/clion/bin/cmake/linux/bin/cmake -E cmake_link_script CMakeFiles/cmTC_91196.dir/link.txt --verbose=1]
  ignore line: [/usr/bin/cc     -v CMakeFiles/cmTC_91196.dir/CMakeCCompilerABI.c.o  -o cmTC_91196 ]
  ignore line: [Using built-in specs.]
  ignore line: [COLLECT_GCC=/usr/bin/cc]
  ignore line: [COLLECT_LTO_WRAPPER=/usr/libexec/gcc/x86_64-unknown-linux-gnu/10.2.0/lto-wrapper]
  ignore line: [Target: x86_64-unknown-linux-gnu]
  ignore line: [Configured with: ../configure --prefix=/usr --exec-prefix=/usr --bindir=/usr/bin --sbindir=/usr/bin --sysconfdir=/etc --datadir=/usr/share --includedir=/usr/include --libdir=/usr/lib --libexecdir=/usr/libexec --localstatedir=/var --sharedstatedir=/usr/com --mandir=/usr/share/man --infodir=/usr/share/info --enable-deterministic-archives --enable-shared --build=x86_64-unknown-linux-gnu --host=x86_64-unknown-linux-gnu lt_cv_sys_lib_dlsearch_path_spec=/usr/lib/x86_64-linux-gnu --target=x86_64-unknown-linux-gnu --disable-multilib --enable-multiarch --disable-bootstrap --with-build-sysroot=/cross-installation --enable-languages=c c++ fortran objc obj-c++ --enable-default-pie --enable-default-ssp --with-isl --disable-libssp --enable-linker-build-id --disable-libstdcxx-filesystem-ts --enable-cet host_configargs=lt_cv_sys_lib_dlsearch_path_spec=/usr/lib/x86_64-linux-gnu target_configargs=lt_cv_sys_lib_dlsearch_path_spec=/usr/lib/x86_64-linux-gnu]
  ignore line: [Thread model: posix]
  ignore line: [Supported LTO compression algorithms: zlib]
  ignore line: [gcc version 10.2.0 (GCC) ]
  ignore line: [COMPILER_PATH=/usr/libexec/gcc/x86_64-unknown-linux-gnu/10.2.0/:/usr/libexec/gcc/x86_64-unknown-linux-gnu/10.2.0/:/usr/libexec/gcc/x86_64-unknown-linux-gnu/:/usr/lib/gcc/x86_64-unknown-linux-gnu/10.2.0/:/usr/lib/gcc/x86_64-unknown-linux-gnu/:/usr/lib/gcc/x86_64-unknown-linux-gnu/10.2.0/../../../../x86_64-unknown-linux-gnu/bin/]
  ignore line: [LIBRARY_PATH=/usr/lib/gcc/x86_64-unknown-linux-gnu/10.2.0/:/usr/lib/gcc/x86_64-unknown-linux-gnu/10.2.0/../../../x86_64-linux-gnu/:/usr/lib/gcc/x86_64-unknown-linux-gnu/10.2.0/../../../../lib64/:/lib/x86_64-linux-gnu/:/lib/../lib64/:/usr/lib/x86_64-linux-gnu/:/usr/lib/../lib64/:/usr/lib/gcc/x86_64-unknown-linux-gnu/10.2.0/../../../../x86_64-unknown-linux-gnu/lib/:/usr/lib/gcc/x86_64-unknown-linux-gnu/10.2.0/../../../:/lib/:/usr/lib/]
  ignore line: [COLLECT_GCC_OPTIONS='-v' '-o' 'cmTC_91196' '-mtune=generic' '-march=x86-64']
  link line: [ /usr/libexec/gcc/x86_64-unknown-linux-gnu/10.2.0/collect2 -plugin /usr/libexec/gcc/x86_64-unknown-linux-gnu/10.2.0/liblto_plugin.so -plugin-opt=/usr/libexec/gcc/x86_64-unknown-linux-gnu/10.2.0/lto-wrapper -plugin-opt=-fresolution=/tmp/cccIlbqt.res -plugin-opt=-pass-through=-lgcc -plugin-opt=-pass-through=-lgcc_s -plugin-opt=-pass-through=-lc -plugin-opt=-pass-through=-lgcc -plugin-opt=-pass-through=-lgcc_s --build-id --eh-frame-hdr -m elf_x86_64 -dynamic-linker /lib64/ld-linux-x86-64.so.2 -pie -o cmTC_91196 /usr/lib/gcc/x86_64-unknown-linux-gnu/10.2.0/../../../x86_64-linux-gnu/Scrt1.o /usr/lib/gcc/x86_64-unknown-linux-gnu/10.2.0/../../../x86_64-linux-gnu/crti.o /usr/lib/gcc/x86_64-unknown-linux-gnu/10.2.0/crtbeginS.o -L/usr/lib/gcc/x86_64-unknown-linux-gnu/10.2.0 -L/usr/lib/gcc/x86_64-unknown-linux-gnu/10.2.0/../../../x86_64-linux-gnu -L/usr/lib/gcc/x86_64-unknown-linux-gnu/10.2.0/../../../../lib64 -L/lib/x86_64-linux-gnu -L/lib/../lib64 -L/usr/lib/x86_64-linux-gnu -L/usr/lib/../lib64 -L/usr/lib/gcc/x86_64-unknown-linux-gnu/10.2.0/../../../../x86_64-unknown-linux-gnu/lib -L/usr/lib/gcc/x86_64-unknown-linux-gnu/10.2.0/../../.. CMakeFiles/cmTC_91196.dir/CMakeCCompilerABI.c.o -lgcc --push-state --as-needed -lgcc_s --pop-state -lc -lgcc --push-state --as-needed -lgcc_s --pop-state /usr/lib/gcc/x86_64-unknown-linux-gnu/10.2.0/crtendS.o /usr/lib/gcc/x86_64-unknown-linux-gnu/10.2.0/../../../x86_64-linux-gnu/crtn.o]
    arg [/usr/libexec/gcc/x86_64-unknown-linux-gnu/10.2.0/collect2] ==> ignore
    arg [-plugin] ==> ignore
    arg [/usr/libexec/gcc/x86_64-unknown-linux-gnu/10.2.0/liblto_plugin.so] ==> ignore
    arg [-plugin-opt=/usr/libexec/gcc/x86_64-unknown-linux-gnu/10.2.0/lto-wrapper] ==> ignore
    arg [-plugin-opt=-fresolution=/tmp/cccIlbqt.res] ==> ignore
    arg [-plugin-opt=-pass-through=-lgcc] ==> ignore
    arg [-plugin-opt=-pass-through=-lgcc_s] ==> ignore
    arg [-plugin-opt=-pass-through=-lc] ==> ignore
    arg [-plugin-opt=-pass-through=-lgcc] ==> ignore
    arg [-plugin-opt=-pass-through=-lgcc_s] ==> ignore
    arg [--build-id] ==> ignore
    arg [--eh-frame-hdr] ==> ignore
    arg [-m] ==> ignore
    arg [elf_x86_64] ==> ignore
    arg [-dynamic-linker] ==> ignore
    arg [/lib64/ld-linux-x86-64.so.2] ==> ignore
    arg [-pie] ==> ignore
    arg [-o] ==> ignore
    arg [cmTC_91196] ==> ignore
    arg [/usr/lib/gcc/x86_64-unknown-linux-gnu/10.2.0/../../../x86_64-linux-gnu/Scrt1.o] ==> ignore
    arg [/usr/lib/gcc/x86_64-unknown-linux-gnu/10.2.0/../../../x86_64-linux-gnu/crti.o] ==> ignore
    arg [/usr/lib/gcc/x86_64-unknown-linux-gnu/10.2.0/crtbeginS.o] ==> ignore
    arg [-L/usr/lib/gcc/x86_64-unknown-linux-gnu/10.2.0] ==> dir [/usr/lib/gcc/x86_64-unknown-linux-gnu/10.2.0]
    arg [-L/usr/lib/gcc/x86_64-unknown-linux-gnu/10.2.0/../../../x86_64-linux-gnu] ==> dir [/usr/lib/gcc/x86_64-unknown-linux-gnu/10.2.0/../../../x86_64-linux-gnu]
    arg [-L/usr/lib/gcc/x86_64-unknown-linux-gnu/10.2.0/../../../../lib64] ==> dir [/usr/lib/gcc/x86_64-unknown-linux-gnu/10.2.0/../../../../lib64]
    arg [-L/lib/x86_64-linux-gnu] ==> dir [/lib/x86_64-linux-gnu]
    arg [-L/lib/../lib64] ==> dir [/lib/../lib64]
    arg [-L/usr/lib/x86_64-linux-gnu] ==> dir [/usr/lib/x86_64-linux-gnu]
    arg [-L/usr/lib/../lib64] ==> dir [/usr/lib/../lib64]
    arg [-L/usr/lib/gcc/x86_64-unknown-linux-gnu/10.2.0/../../../../x86_64-unknown-linux-gnu/lib] ==> dir [/usr/lib/gcc/x86_64-unknown-linux-gnu/10.2.0/../../../../x86_64-unknown-linux-gnu/lib]
    arg [-L/usr/lib/gcc/x86_64-unknown-linux-gnu/10.2.0/../../..] ==> dir [/usr/lib/gcc/x86_64-unknown-linux-gnu/10.2.0/../../..]
    arg [CMakeFiles/cmTC_91196.dir/CMakeCCompilerABI.c.o] ==> ignore
    arg [-lgcc] ==> lib [gcc]
    arg [--push-state] ==> ignore
    arg [--as-needed] ==> ignore
    arg [-lgcc_s] ==> lib [gcc_s]
    arg [--pop-state] ==> ignore
    arg [-lc] ==> lib [c]
    arg [-lgcc] ==> lib [gcc]
    arg [--push-state] ==> ignore
    arg [--as-needed] ==> ignore
    arg [-lgcc_s] ==> lib [gcc_s]
    arg [--pop-state] ==> ignore
    arg [/usr/lib/gcc/x86_64-unknown-linux-gnu/10.2.0/crtendS.o] ==> ignore
    arg [/usr/lib/gcc/x86_64-unknown-linux-gnu/10.2.0/../../../x86_64-linux-gnu/crtn.o] ==> ignore
  collapse library dir [/usr/lib/gcc/x86_64-unknown-linux-gnu/10.2.0] ==> [/usr/lib/gcc/x86_64-unknown-linux-gnu/10.2.0]
  collapse library dir [/usr/lib/gcc/x86_64-unknown-linux-gnu/10.2.0/../../../x86_64-linux-gnu] ==> [/usr/lib/x86_64-linux-gnu]
  collapse library dir [/usr/lib/gcc/x86_64-unknown-linux-gnu/10.2.0/../../../../lib64] ==> [/usr/lib64]
  collapse library dir [/lib/x86_64-linux-gnu] ==> [/lib/x86_64-linux-gnu]
  collapse library dir [/lib/../lib64] ==> [/lib64]
  collapse library dir [/usr/lib/x86_64-linux-gnu] ==> [/usr/lib/x86_64-linux-gnu]
  collapse library dir [/usr/lib/../lib64] ==> [/usr/lib64]
  collapse library dir [/usr/lib/gcc/x86_64-unknown-linux-gnu/10.2.0/../../../../x86_64-unknown-linux-gnu/lib] ==> [/usr/x86_64-unknown-linux-gnu/lib]
  collapse library dir [/usr/lib/gcc/x86_64-unknown-linux-gnu/10.2.0/../../..] ==> [/usr/lib]
  implicit libs: [gcc;gcc_s;c;gcc;gcc_s]
  implicit dirs: [/usr/lib/gcc/x86_64-unknown-linux-gnu/10.2.0;/usr/lib/x86_64-linux-gnu;/usr/lib64;/lib/x86_64-linux-gnu;/lib64;/usr/x86_64-unknown-linux-gnu/lib;/usr/lib]
  implicit fwks: []


